<?xml version="1.0" encoding="UTF-8"?>
<!-- Generated by org.testng.reporters.JUnitReportReporter -->
<testsuite hostname="DESKTOP-T6KLQOF" failures="0" tests="1" name="driverFactory.DriverScript" time="18.839" errors="0" timestamp="2023-08-29T08:42:02 IST" skipped="0">
  <testcase classname="driverFactory.DriverScript" name="startTest" time="18.839">
    <system-out>
      <![CDATA[4    10
Admin Login success::adminflow      http://primusbank.qedgetech.com/adminflow.aspx
Admin Logout Success
Admin Login success::adminflow      http://primusbank.qedgetech.com/adminflow.aspx
New Branch with id 2837 created Sucessfully
Admin Logout Success]]>
    </system-out>
  </testcase> <!-- startTest -->
  <system-out>
    <![CDATA[4    10
Admin Login success::adminflow      http://primusbank.qedgetech.com/adminflow.aspx
Admin Logout Success
Admin Login success::adminflow      http://primusbank.qedgetech.com/adminflow.aspx
New Branch with id 2837 created Sucessfully
Admin Logout Success]]>
  </system-out>
</testsuite> <!-- driverFactory.DriverScript -->
